
  Electric Fence 2.0.5 Copyright (C) 1987-1998 Bruce Perens.
comm demerzel: has native byte order ;-D
ZZZ: registrujem podla svetov
ZZZ: registrujem pri objekte inetd
ZZZ: registrujem pri objekte crond
ZZZ: registrujem pri objekte atd
ZZZ: registrujem pri objekte apmd
ZZZ: registrujem pri objekte login
ZZZ: registrujem pri objekte login
ZZZ: registrujem podla svetov
ZZZ: registrujem podla svetov
ZZZ: registrujem podla svetov
ZZZ: registrujem podla svetov
ZZZ: registrujem podla svetov
ZZZ: registrujem pri objekte sync
ZZZ: registrujem podla svetov
ZZZ: bude dobre
ZZZ event_from_medusa:
ZZZ 0x0000
class after_exec {
}
ZZZ event_from_medusa:
	readonly bitmap	cap	(4: 4)
ZZZ 0x0001
class capable {
	readonly bitmap	cap	(4: 4)
}
ZZZ event_from_medusa:
	readonly string	filename	(4: 256)
	readonly bitmap	mode	(260: 4)
ZZZ 0xc000
class create {
	readonly string	filename	(4: 256)
	readonly bitmap	mode	(260: 4)
}
ZZZ event_from_medusa:
	readonly string	filename	(4: 256)
ZZZ 0xc001
class fexec {
	readonly string	filename	(4: 256)
}
ZZZ event_from_medusa:
	readonly string	filename	(4: 256)
ZZZ 0x0002
class pexec {
	readonly string	filename	(4: 256)
}
ZZZ event_from_medusa:
	readonly unsigned	clone_flags	(4: 4)
ZZZ 0x0003
class fork {
	readonly unsigned	clone_flags	(4: 4)
}
ZZZ event_from_medusa:
ZZZ 0x0004
class init {
}
ZZZ event_from_medusa:
	readonly string	filename	(4: 256)
	readonly string	newname	(260: 256)
ZZZ 0xc002
class link {
	readonly string	filename	(4: 256)
	readonly string	newname	(260: 256)
}
ZZZ event_from_medusa:
	readonly string	filename	(4: 256)
ZZZ 0xc003
class lookup {
	readonly string	filename	(4: 256)
}
ZZZ event_from_medusa:
	readonly string	filename	(4: 256)
	readonly bitmap	mode	(260: 4)
ZZZ 0xc004
class mkdir {
	readonly string	filename	(4: 256)
	readonly bitmap	mode	(260: 4)
}
ZZZ event_from_medusa:
	readonly string	filename	(4: 256)
	readonly bitmap	dev	(260: 2)
	readonly bitmap	mode	(264: 4)
ZZZ 0xc005
class mknod {
	readonly string	filename	(4: 256)
	readonly bitmap	dev	(260: 2)
	readonly bitmap	mode	(264: 4)
}
ZZZ event_from_medusa:
	readonly string	filename	(4: 256)
	readonly unsigned	valid	(260: 4)
	bitmap	mode	(264: 2)
	signed	uid	(268: 4)
	signed	gid	(272: 4)
	readonly unsigned	size	(276: 8)
	unsigned	atime	(284: 4)
	unsigned	mtime	(288: 4)
	unsigned	ctime	(292: 4)
	readonly bitmap	attr_flags	(296: 4)
ZZZ 0xc006
class notify_change {
	readonly string	filename	(4: 256)
	readonly unsigned	valid	(260: 4)
	bitmap	mode	(264: 2)
	signed	uid	(268: 4)
	signed	gid	(272: 4)
	readonly unsigned	size	(276: 8)
	unsigned	atime	(284: 4)
	unsigned	mtime	(288: 4)
	unsigned	ctime	(292: 4)
	readonly bitmap	attr_flags	(296: 4)
}
ZZZ event_from_medusa:
	readonly string	filename	(4: 256)
	readonly unsigned	mask	(260: 4)
ZZZ 0xc007
class permission {
	readonly string	filename	(4: 256)
	readonly unsigned	mask	(260: 4)
}
ZZZ event_from_medusa:
	readonly string	filename	(4: 256)
	readonly string	newname	(260: 256)
ZZZ 0xc008
class rename {
	readonly string	filename	(4: 256)
	readonly string	newname	(260: 256)
}
ZZZ event_from_medusa:
	readonly string	filename	(4: 256)
ZZZ 0xc009
class rmdir {
	readonly string	filename	(4: 256)
}
ZZZ event_from_medusa:
	readonly signed	signal_number	(4: 4)
ZZZ 0x0005
class kill {
	readonly signed	signal_number	(4: 4)
}
ZZZ event_from_medusa:
	readonly signed	ruid	(4: 4)
	readonly signed	euid	(8: 4)
	readonly signed	suid	(12: 4)
ZZZ 0x0006
class setresuid {
	readonly signed	ruid	(4: 4)
	readonly signed	euid	(8: 4)
	readonly signed	suid	(12: 4)
}
ZZZ event_from_medusa:
	readonly bitmap	ecap	(260: 4)
	readonly bitmap	icap	(264: 4)
	readonly bitmap	pcap	(268: 4)
	readonly signed	uid	(272: 4)
	readonly signed	gid	(276: 4)
ZZZ 0x0007
class sexec {
	readonly bitmap	ecap	(260: 4)
	readonly bitmap	icap	(264: 4)
	readonly bitmap	pcap	(268: 4)
	readonly signed	uid	(272: 4)
	readonly signed	gid	(276: 4)
}
ZZZ event_from_medusa:
	readonly string	filename	(4: 256)
	readonly string	oldname	(260: 256)
ZZZ 0xc00a
class symlink {
	readonly string	filename	(4: 256)
	readonly string	oldname	(260: 256)
}
ZZZ event_from_medusa:
	readonly string	filename	(4: 256)
	readonly unsigned	length	(260: 8)
ZZZ 0xc00b
class 